<?xml version="1.0" encoding="UTF-8"?>
<testng-results ignored="0" total="1" passed="1" failed="0" skipped="0">
  <reporter-output>
  </reporter-output>
  <suite started-at="2025-04-22T19:13:54 EET" name="Default suite" finished-at="2025-04-22T19:13:55 EET" duration-ms="546">
    <groups>
    </groups>
    <test started-at="2025-04-22T19:13:54 EET" name="Default test" finished-at="2025-04-22T19:13:55 EET" duration-ms="546">
      <class name="Hello">
        <test-method is-config="true" signature="MySetup()[pri:0, instance:Hello@2c532cd8]" started-at="2025-04-22T19:13:54 EET" name="MySetup" finished-at="2025-04-22T19:13:55 EET" duration-ms="475" status="PASS">
          <reporter-output>
          </reporter-output>
        </test-method> <!-- MySetup -->
        <test-method signature="MyTest()[pri:0, instance:Hello@2c532cd8]" started-at="2025-04-22T19:13:55 EET" name="MyTest" finished-at="2025-04-22T19:13:55 EET" duration-ms="21" status="PASS">
          <reporter-output>
          </reporter-output>
        </test-method> <!-- MyTest -->
      </class> <!-- Hello -->
    </test> <!-- Default test -->
  </suite> <!-- Default suite -->
</testng-results>
